mode: count
github.com/socketplane/ecc/commands.go:18.13,22.40 2 1
github.com/socketplane/ecc/commands.go:22.40,30.4 1 1
github.com/socketplane/ecc/commands.go:32.39,36.4 1 1
github.com/socketplane/ecc/commands.go:38.40,42.4 1 1
github.com/socketplane/ecc/commands.go:44.42,48.4 1 0
github.com/socketplane/ecc/commands.go:50.40,55.4 1 0
github.com/socketplane/ecc/commands.go:125.39,130.12 4 0
github.com/socketplane/ecc/commands.go:137.2,137.17 1 0
github.com/socketplane/ecc/commands.go:130.12,131.7 1 0
github.com/socketplane/ecc/commands.go:131.7,134.4 2 0
github.com/socketplane/ecc/ecc.go:25.89,27.25 2 1
github.com/socketplane/ecc/ecc.go:44.2,47.9 3 1
github.com/socketplane/ecc/ecc.go:52.2,52.12 1 1
github.com/socketplane/ecc/ecc.go:27.25,29.17 2 0
github.com/socketplane/ecc/ecc.go:33.3,34.17 2 0
github.com/socketplane/ecc/ecc.go:29.17,32.4 2 0
github.com/socketplane/ecc/ecc.go:34.17,35.36 1 0
github.com/socketplane/ecc/ecc.go:35.36,38.37 3 0
github.com/socketplane/ecc/ecc.go:38.37,40.6 1 0
github.com/socketplane/ecc/ecc.go:48.2,49.51 1 0
github.com/socketplane/ecc/ecc.go:50.2,50.37 0 1
github.com/socketplane/ecc/ecc.go:55.101,58.16 2 1
github.com/socketplane/ecc/ecc.go:62.2,62.15 1 1
github.com/socketplane/ecc/ecc.go:66.2,66.23 1 1
github.com/socketplane/ecc/ecc.go:71.2,73.14 2 1
github.com/socketplane/ecc/ecc.go:58.16,60.3 1 1
github.com/socketplane/ecc/ecc.go:62.15,64.3 1 1
github.com/socketplane/ecc/ecc.go:66.23,69.3 2 0
github.com/socketplane/ecc/ecc.go:73.14,75.3 1 0
github.com/socketplane/ecc/ecc.go:78.33,81.14 2 1
github.com/socketplane/ecc/ecc.go:85.2,85.12 1 0
github.com/socketplane/ecc/ecc.go:81.14,84.3 2 1
github.com/socketplane/ecc/ecc.go:88.20,90.14 2 1
github.com/socketplane/ecc/ecc.go:94.2,95.12 2 1
github.com/socketplane/ecc/ecc.go:90.14,93.3 2 0
github.com/socketplane/ecc/ecc.go:99.34,102.27 2 3
github.com/socketplane/ecc/ecc.go:112.2,119.16 3 3
github.com/socketplane/ecc/ecc.go:124.2,124.17 1 3
github.com/socketplane/ecc/ecc.go:102.27,103.40 1 8
github.com/socketplane/ecc/ecc.go:103.40,108.9 5 0
github.com/socketplane/ecc/ecc.go:119.16,122.3 2 0
github.com/socketplane/ecc/ecc.go:129.43,131.16 2 0
github.com/socketplane/ecc/ecc.go:135.2,137.53 3 0
github.com/socketplane/ecc/ecc.go:131.16,134.3 2 0
github.com/socketplane/ecc/ecc.go:137.53,142.17 5 0
github.com/socketplane/ecc/ecc.go:145.3,145.40 1 0
github.com/socketplane/ecc/ecc.go:142.17,144.4 1 0
github.com/socketplane/ecc/ecc.go:146.4,148.3 1 0
github.com/socketplane/ecc/ecc.go:163.56,166.16 3 7
github.com/socketplane/ecc/ecc.go:170.2,172.53 3 7
github.com/socketplane/ecc/ecc.go:166.16,169.3 2 0
github.com/socketplane/ecc/ecc.go:172.53,174.3 1 3
github.com/socketplane/ecc/ecc.go:174.4,174.60 1 4
github.com/socketplane/ecc/ecc.go:174.60,179.17 5 4
github.com/socketplane/ecc/ecc.go:182.3,182.65 1 4
github.com/socketplane/ecc/ecc.go:179.17,181.4 1 0
github.com/socketplane/ecc/ecc.go:183.4,185.3 1 0
github.com/socketplane/ecc/ecc.go:196.76,198.37 2 3
github.com/socketplane/ecc/ecc.go:201.2,207.16 6 2
github.com/socketplane/ecc/ecc.go:211.2,214.29 3 2
github.com/socketplane/ecc/ecc.go:219.2,219.11 1 2
github.com/socketplane/ecc/ecc.go:198.37,200.3 1 1
github.com/socketplane/ecc/ecc.go:207.16,210.3 2 0
github.com/socketplane/ecc/ecc.go:214.29,218.3 1 0
github.com/socketplane/ecc/ecc.go:222.48,229.16 6 1
github.com/socketplane/ecc/ecc.go:233.2,237.11 4 1
github.com/socketplane/ecc/ecc.go:229.16,232.3 2 0
